1531170357535	geckodriver	INFO	geckodriver 0.20.1
1531170357647	geckodriver	INFO	Listening on 127.0.0.1:58875
1531170358692	mozrunner::runner	INFO	Running command: "/Applications/Firefox.app/Contents/MacOS/firefox-bin" "-marionette" "-profile" "/var/folders/91/1d5gnjrd1bq4g5vyvgm1nbfm0000gp/T/rust_mozprofile.ICF9y7QyROIm"
2018-07-09 16:06:24.611 plugin-container[38408:4003941] *** CFMessagePort: bootstrap_register(): failed 1100 (0x44c) 'Permission denied', port = 0x7503, name = 'com.apple.tsm.portname'
See /usr/include/servers/bootstrap_defs.h for the error codes.
2018-07-09 16:06:27.081 plugin-container[38412:4003992] *** CFMessagePort: bootstrap_register(): failed 1100 (0x44c) 'Permission denied', port = 0x8e3f, name = 'com.apple.tsm.portname'
See /usr/include/servers/bootstrap_defs.h for the error codes.
1531170388417	Marionette	INFO	Listening on port 58887
2018-07-09 16:06:28.507 plugin-container[38413:4004119] *** CFMessagePort: bootstrap_register(): failed 1100 (0x44c) 'Permission denied', port = 0x8d3f, name = 'com.apple.tsm.portname'
See /usr/include/servers/bootstrap_defs.h for the error codes.
*** UTM:SVC TimerManager:registerTimer called after profile-before-change notification. Ignoring timer registration for id: telemetry_modules_ping
1531170452719	geckodriver	INFO	geckodriver 0.20.1
1531170452831	geckodriver	INFO	Listening on 127.0.0.1:58946
1531170453813	mozrunner::runner	INFO	Running command: "/Applications/Firefox.app/Contents/MacOS/firefox-bin" "-marionette" "-profile" "/var/folders/91/1d5gnjrd1bq4g5vyvgm1nbfm0000gp/T/rust_mozprofile.3HDkooZOvyDD"
2018-07-09 16:07:35.639 plugin-container[38445:4004876] *** CFMessagePort: bootstrap_register(): failed 1100 (0x44c) 'Permission denied', port = 0x8b47, name = 'com.apple.tsm.portname'
See /usr/include/servers/bootstrap_defs.h for the error codes.
2018-07-09 16:07:36.046 plugin-container[38448:4004906] *** CFMessagePort: bootstrap_register(): failed 1100 (0x44c) 'Permission denied', port = 0x8707, name = 'com.apple.tsm.portname'
See /usr/include/servers/bootstrap_defs.h for the error codes.
1531170456266	Marionette	INFO	Listening on port 58958
1531170456343	Marionette	WARN	TLS certificate errors will be ignored for this session
2018-07-09 16:07:36.985 plugin-container[38450:4005003] *** CFMessagePort: bootstrap_register(): failed 1100 (0x44c) 'Permission denied', port = 0x7043, name = 'com.apple.tsm.portname'
See /usr/include/servers/bootstrap_defs.h for the error codes.
1531170548370	geckodriver	INFO	geckodriver 0.20.1
1531170548521	geckodriver	INFO	Listening on 127.0.0.1:59164
1531170549430	mozrunner::runner	INFO	Running command: "/Applications/Firefox.app/Contents/MacOS/firefox-bin" "-marionette" "-profile" "/var/folders/91/1d5gnjrd1bq4g5vyvgm1nbfm0000gp/T/rust_mozprofile.LXTay6HSuWmc"
2018-07-09 16:09:13.985 plugin-container[38490:4005926] *** CFMessagePort: bootstrap_register(): failed 1100 (0x44c) 'Permission denied', port = 0x773f, name = 'com.apple.tsm.portname'
See /usr/include/servers/bootstrap_defs.h for the error codes.
2018-07-09 16:09:14.712 plugin-container[38491:4005960] *** CFMessagePort: bootstrap_register(): failed 1100 (0x44c) 'Permission denied', port = 0x8a03, name = 'com.apple.tsm.portname'
See /usr/include/servers/bootstrap_defs.h for the error codes.
1531170555291	Marionette	INFO	Listening on port 59176
2018-07-09 16:09:15.346 plugin-container[38492:4006040] *** CFMessagePort: bootstrap_register(): failed 1100 (0x44c) 'Permission denied', port = 0x7437, name = 'com.apple.tsm.portname'
See /usr/include/servers/bootstrap_defs.h for the error codes.
1531170555429	Marionette	WARN	TLS certificate errors will be ignored for this session
1531170587658	geckodriver	INFO	geckodriver 0.20.1
1531170587766	geckodriver	INFO	Listening on 127.0.0.1:59489
1531170588702	mozrunner::runner	INFO	Running command: "/Applications/Firefox.app/Contents/MacOS/firefox-bin" "-marionette" "-profile" "/var/folders/91/1d5gnjrd1bq4g5vyvgm1nbfm0000gp/T/rust_mozprofile.TFPUlK5xPXfY"
2018-07-09 16:09:51.867 plugin-container[38514:4006638] *** CFMessagePort: bootstrap_register(): failed 1100 (0x44c) 'Permission denied', port = 0x843f, name = 'com.apple.tsm.portname'
See /usr/include/servers/bootstrap_defs.h for the error codes.
2018-07-09 16:09:52.375 plugin-container[38515:4006675] *** CFMessagePort: bootstrap_register(): failed 1100 (0x44c) 'Permission denied', port = 0x8103, name = 'com.apple.tsm.portname'
See /usr/include/servers/bootstrap_defs.h for the error codes.
1531170592902	Marionette	INFO	Listening on port 59501
1531170592998	Marionette	WARN	TLS certificate errors will be ignored for this session
2018-07-09 16:09:53.153 plugin-container[38516:4006765] *** CFMessagePort: bootstrap_register(): failed 1100 (0x44c) 'Permission denied', port = 0x8b3f, name = 'com.apple.tsm.portname'
See /usr/include/servers/bootstrap_defs.h for the error codes.
*** UTM:SVC TimerManager:registerTimer called after profile-before-change notification. Ignoring timer registration for id: telemetry_modules_ping
1531170639474	geckodriver	INFO	geckodriver 0.20.1
1531170639575	geckodriver	INFO	Listening on 127.0.0.1:59765
1531170640532	mozrunner::runner	INFO	Running command: "/Applications/Firefox.app/Contents/MacOS/firefox-bin" "-marionette" "-profile" "/var/folders/91/1d5gnjrd1bq4g5vyvgm1nbfm0000gp/T/rust_mozprofile.PDffGczIY5sh"
2018-07-09 16:10:43.765 plugin-container[38541:4007468] *** CFMessagePort: bootstrap_register(): failed 1100 (0x44c) 'Permission denied', port = 0x7943, name = 'com.apple.tsm.portname'
See /usr/include/servers/bootstrap_defs.h for the error codes.
2018-07-09 16:10:44.253 plugin-container[38542:4007507] *** CFMessagePort: bootstrap_register(): failed 1100 (0x44c) 'Permission denied', port = 0x7507, name = 'com.apple.tsm.portname'
See /usr/include/servers/bootstrap_defs.h for the error codes.
1531170644533	Marionette	INFO	Listening on port 59777
1531170644612	Marionette	WARN	TLS certificate errors will be ignored for this session
2018-07-09 16:10:45.228 plugin-container[38543:4007601] *** CFMessagePort: bootstrap_register(): failed 1100 (0x44c) 'Permission denied', port = 0x8703, name = 'com.apple.tsm.portname'
See /usr/include/servers/bootstrap_defs.h for the error codes.
*** UTM:SVC TimerManager:registerTimer called after profile-before-change notification. Ignoring timer registration for id: telemetry_modules_ping
1531170697343	geckodriver	INFO	geckodriver 0.20.1
1531170697452	geckodriver	INFO	Listening on 127.0.0.1:60034
1531170698727	mozrunner::runner	INFO	Running command: "/Applications/Firefox.app/Contents/MacOS/firefox-bin" "-marionette" "-profile" "/var/folders/91/1d5gnjrd1bq4g5vyvgm1nbfm0000gp/T/rust_mozprofile.DveLDaxW9TlB"
2018-07-09 16:11:42.097 plugin-container[38573:4008277] *** CFMessagePort: bootstrap_register(): failed 1100 (0x44c) 'Permission denied', port = 0x7843, name = 'com.apple.tsm.portname'
See /usr/include/servers/bootstrap_defs.h for the error codes.
2018-07-09 16:11:42.600 plugin-container[38574:4008315] *** CFMessagePort: bootstrap_register(): failed 1100 (0x44c) 'Permission denied', port = 0x7143, name = 'com.apple.tsm.portname'
See /usr/include/servers/bootstrap_defs.h for the error codes.
1531170702946	Marionette	INFO	Listening on port 60046
1531170703028	Marionette	WARN	TLS certificate errors will be ignored for this session
2018-07-09 16:11:43.654 plugin-container[38575:4008419] *** CFMessagePort: bootstrap_register(): failed 1100 (0x44c) 'Permission denied', port = 0x8b3f, name = 'com.apple.tsm.portname'
See /usr/include/servers/bootstrap_defs.h for the error codes.
*** UTM:SVC TimerManager:registerTimer called after profile-before-change notification. Ignoring timer registration for id: telemetry_modules_ping
1531171343313	geckodriver	INFO	geckodriver 0.20.1
1531171343436	geckodriver	INFO	Listening on 127.0.0.1:60342
1531171344390	mozrunner::runner	INFO	Running command: "/Applications/Firefox.app/Contents/MacOS/firefox-bin" "-marionette" "-profile" "/var/folders/91/1d5gnjrd1bq4g5vyvgm1nbfm0000gp/T/rust_mozprofile.HbX4BZTD3Z9E"
2018-07-09 16:22:27.501 plugin-container[38812:4013437] *** CFMessagePort: bootstrap_register(): failed 1100 (0x44c) 'Permission denied', port = 0x7d3f, name = 'com.apple.tsm.portname'
See /usr/include/servers/bootstrap_defs.h for the error codes.
2018-07-09 16:22:27.985 plugin-container[38813:4013474] *** CFMessagePort: bootstrap_register(): failed 1100 (0x44c) 'Permission denied', port = 0x7443, name = 'com.apple.tsm.portname'
See /usr/include/servers/bootstrap_defs.h for the error codes.
1531171348360	Marionette	INFO	Listening on port 60354
1531171348421	Marionette	WARN	TLS certificate errors will be ignored for this session
2018-07-09 16:22:29.030 plugin-container[38814:4013569] *** CFMessagePort: bootstrap_register(): failed 1100 (0x44c) 'Permission denied', port = 0x6e03, name = 'com.apple.tsm.portname'
See /usr/include/servers/bootstrap_defs.h for the error codes.
*** UTM:SVC TimerManager:registerTimer called after profile-before-change notification. Ignoring timer registration for id: telemetry_modules_ping
